<?xml version="1.0" encoding="utf-8"?><testsuites name="pytest tests"><testsuite name="pytest" errors="0" failures="0" skipped="0" tests="19" time="5.252" timestamp="2026-02-10T18:10:43.976453+00:00" hostname="agent-env-2dfaaaf3-2c53-4768-8fb1-3e7495a8caca"><testcase classname="backend.tests.test_code_red_v3.TestAuth" name="test_login_success" time="0.301" /><testcase classname="backend.tests.test_code_red_v3.TestAuth" name="test_login_invalid_credentials" time="0.039" /><testcase classname="backend.tests.test_code_red_v3.TestDashboardStats" name="test_dashboard_stats_returns_all_fields" time="0.305" /><testcase classname="backend.tests.test_code_red_v3.TestDashboardStats" name="test_dashboard_stats_expected_counts" time="0.296" /><testcase classname="backend.tests.test_code_red_v3.TestPipelineAPI" name="test_pipeline_returns_4_status_columns" time="0.299" /><testcase classname="backend.tests.test_code_red_v3.TestPipelineAPI" name="test_pipeline_initiatives_have_nested_projects" time="0.305" /><testcase classname="backend.tests.test_code_red_v3.TestPipelineAPI" name="test_project_has_required_fields" time="0.303" /><testcase classname="backend.tests.test_code_red_v3.TestBusinessOutcomesTree" name="test_tree_returns_categories" time="0.299" /><testcase classname="backend.tests.test_code_red_v3.TestBusinessOutcomesTree" name="test_categories_have_sub_outcomes" time="0.296" /><testcase classname="backend.tests.test_code_red_v3.TestBusinessOutcomesTree" name="test_sub_outcomes_have_kpis" time="0.315" /><testcase classname="backend.tests.test_code_red_v3.TestBusinessOutcomesTree" name="test_kpis_have_progress_tracking" time="0.295" /><testcase classname="backend.tests.test_code_red_v3.TestStrategicInitiativesAPI" name="test_get_strategic_initiatives" time="0.297" /><testcase classname="backend.tests.test_code_red_v3.TestStrategicInitiativesAPI" name="test_get_strategic_initiative_by_id" time="0.334" /><testcase classname="backend.tests.test_code_red_v3.TestStrategicInitiativesAPI" name="test_create_and_delete_strategic_initiative" time="0.398" /><testcase classname="backend.tests.test_code_red_v3.TestProjectsAPI" name="test_get_projects" time="0.299" /><testcase classname="backend.tests.test_code_red_v3.TestProjectsAPI" name="test_get_project_by_id" time="0.381" /><testcase classname="backend.tests.test_code_red_v3.TestSeedEndpoint" name="test_seed_creates_expected_data" time="0.332" /><testcase classname="backend.tests.test_code_red_v3.TestConfigEndpoints" name="test_initiative_statuses" time="0.039" /><testcase classname="backend.tests.test_code_red_v3.TestConfigEndpoints" name="test_project_statuses" time="0.034" /></testsuite></testsuites>