<?xml version="1.0" encoding="utf-8"?><testsuites name="pytest tests"><testsuite name="pytest" errors="0" failures="0" skipped="0" tests="22" time="56.921" timestamp="2026-02-11T19:58:53.634519+00:00" hostname="agent-env-1c6e5bd6-e68b-4958-acce-0f75f3ffd7cb"><testcase classname="test_initiative_features_v10.TestInitiativeMilestones" name="test_get_initiative_with_milestones" time="0.162" /><testcase classname="test_initiative_features_v10.TestInitiativeMilestones" name="test_add_milestone" time="0.123" /><testcase classname="test_initiative_features_v10.TestInitiativeMilestones" name="test_edit_milestone" time="0.166" /><testcase classname="test_initiative_features_v10.TestInitiativeMilestones" name="test_delete_milestone" time="0.154" /><testcase classname="test_initiative_features_v10.TestInitiativeMilestones" name="test_milestone_status_values" time="0.242" /><testcase classname="test_initiative_features_v10.TestInitiativeActivities" name="test_get_initiative_with_activities" time="0.075" /><testcase classname="test_initiative_features_v10.TestInitiativeActivities" name="test_add_activity_meeting" time="0.078" /><testcase classname="test_initiative_features_v10.TestInitiativeActivities" name="test_add_activity_workshop" time="0.080" /><testcase classname="test_initiative_features_v10.TestInitiativeActivities" name="test_add_activity_review" time="0.083" /><testcase classname="test_initiative_features_v10.TestInitiativeActivities" name="test_add_activity_training" time="0.087" /><testcase classname="test_initiative_features_v10.TestInitiativeActivities" name="test_edit_activity" time="0.125" /><testcase classname="test_initiative_features_v10.TestInitiativeActivities" name="test_delete_activity" time="0.154" /><testcase classname="test_initiative_features_v10.TestInitiativeActivities" name="test_activity_status_values" time="1.217" /><testcase classname="test_initiative_features_v10.TestInitiativeActivities" name="test_all_activity_types" time="0.363" /><testcase classname="test_initiative_features_v10.TestInitiativeDocuments" name="test_get_initiative_with_documents" time="0.084" /><testcase classname="test_initiative_features_v10.TestInitiativeDocuments" name="test_upload_document" time="0.146" /><testcase classname="test_initiative_features_v10.TestInitiativeDocuments" name="test_upload_pdf_document" time="0.086" /><testcase classname="test_initiative_features_v10.TestInitiativeDocuments" name="test_delete_document" time="0.155" /><testcase classname="test_initiative_features_v10.TestInitiativeDocuments" name="test_document_download_url" time="0.129" /><testcase classname="test_initiative_features_v10.TestCleanup" name="test_cleanup_test_milestones" time="0.499" /><testcase classname="test_initiative_features_v10.TestCleanup" name="test_cleanup_test_activities" time="36.920" /><testcase classname="test_initiative_features_v10.TestCleanup" name="test_cleanup_test_documents" time="15.646" /></testsuite></testsuites>