<?xml version="1.0" encoding="utf-8"?><testsuites name="pytest tests"><testsuite name="pytest" errors="0" failures="0" skipped="0" tests="22" time="24.077" timestamp="2026-02-10T16:10:15.507893+00:00" hostname="agent-env-bda6839b-e9bb-4b0c-a911-eb3d24a5bd20"><testcase classname="backend.tests.test_code_red_initiatives.TestAuth" name="test_login_with_demo_credentials" time="0.300" /><testcase classname="backend.tests.test_code_red_initiatives.TestAuth" name="test_login_invalid_credentials" time="0.013" /><testcase classname="backend.tests.test_code_red_initiatives.TestConfigEndpoints" name="test_get_statuses_returns_new_values" time="0.326" /><testcase classname="backend.tests.test_code_red_initiatives.TestConfigEndpoints" name="test_get_buckets" time="0.012" /><testcase classname="backend.tests.test_code_red_initiatives.TestConfigEndpoints" name="test_get_metric_categories" time="0.049" /><testcase classname="backend.tests.test_code_red_initiatives.TestEnterpriseMetrics" name="test_create_enterprise_metric" time="0.321" /><testcase classname="backend.tests.test_code_red_initiatives.TestEnterpriseMetrics" name="test_get_enterprise_metrics_list" time="0.014" /><testcase classname="backend.tests.test_code_red_initiatives.TestEnterpriseMetrics" name="test_get_single_enterprise_metric" time="0.022" /><testcase classname="backend.tests.test_code_red_initiatives.TestEnterpriseMetrics" name="test_filter_metrics_by_category" time="0.051" /><testcase classname="backend.tests.test_code_red_initiatives.TestEnterpriseMetrics" name="test_delete_enterprise_metric" time="0.079" /><testcase classname="backend.tests.test_code_red_initiatives.TestDashboardWithNewStatuses" name="test_dashboard_stats_new_status_fields" time="0.287" /><testcase classname="backend.tests.test_code_red_initiatives.TestDashboardWithNewStatuses" name="test_dashboard_four_blockers_new_status" time="0.010" /><testcase classname="backend.tests.test_code_red_initiatives.TestMilestonesView" name="test_get_all_milestones" time="0.291" /><testcase classname="backend.tests.test_code_red_initiatives.TestMilestonesView" name="test_milestones_sorted_by_date" time="0.010" /><testcase classname="backend.tests.test_code_red_initiatives.TestInitiativesWithMetrics" name="test_create_initiative_with_metric_alignment" time="3.106" /><testcase classname="backend.tests.test_code_red_initiatives.TestInitiativesWithMetrics" name="test_initiative_with_new_status_values" time="8.648" /><testcase classname="backend.tests.test_code_red_initiatives.TestInitiativesWithMetrics" name="test_filter_initiatives_by_status" time="0.008" /><testcase classname="backend.tests.test_code_red_initiatives.TestInitiativesWithMetrics" name="test_filter_initiatives_by_metric" time="0.021" /><testcase classname="backend.tests.test_code_red_initiatives.TestSeedData" name="test_seed_data_creates_metrics_and_initiatives" time="9.965" /><testcase classname="backend.tests.test_code_red_initiatives.TestSeedData" name="test_verify_seeded_metrics" time="0.012" /><testcase classname="backend.tests.test_code_red_initiatives.TestSeedData" name="test_verify_seeded_initiatives_have_new_statuses" time="0.011" /><testcase classname="backend.tests.test_code_red_initiatives.TestRootEndpoint" name="test_api_root" time="0.385" /></testsuite></testsuites>