<?xml version="1.0" encoding="utf-8"?><testsuites name="pytest tests"><testsuite name="pytest" errors="0" failures="0" skipped="0" tests="18" time="2.833" timestamp="2026-02-10T19:31:26.744448+00:00" hostname="agent-env-b5f686ed-3e3e-40aa-b56a-e4dfe601dfe8"><testcase classname="tests.test_code_red_v6.TestAuthentication" name="test_api_root_health" time="0.096" /><testcase classname="tests.test_code_red_v6.TestAuthentication" name="test_login_success" time="0.272" /><testcase classname="tests.test_code_red_v6.TestAuthentication" name="test_login_invalid_credentials" time="0.042" /><testcase classname="tests.test_code_red_v6.TestAuthentication" name="test_auth_me_endpoint" time="0.351" /><testcase classname="tests.test_code_red_v6.TestDashboardStats" name="test_dashboard_stats_returns_all_fields" time="0.302" /><testcase classname="tests.test_code_red_v6.TestDashboardStats" name="test_dashboard_stats_values_are_integers" time="0.042" /><testcase classname="tests.test_code_red_v6.TestPipelineAPI" name="test_pipeline_returns_four_status_columns" time="0.305" /><testcase classname="tests.test_code_red_v6.TestPipelineAPI" name="test_pipeline_initiatives_have_nested_projects" time="0.039" /><testcase classname="tests.test_code_red_v6.TestPipelineAPI" name="test_pipeline_config_endpoint" time="0.036" /><testcase classname="tests.test_code_red_v6.TestBusinessOutcomesTree" name="test_business_outcomes_tree_structure" time="0.301" /><testcase classname="tests.test_code_red_v6.TestReportingAPIs" name="test_reports_pipeline_endpoint" time="0.305" /><testcase classname="tests.test_code_red_v6.TestReportingAPIs" name="test_reports_business_outcomes_endpoint" time="0.079" /><testcase classname="tests.test_code_red_v6.TestReportingAPIs" name="test_reports_trends_endpoint" time="0.050" /><testcase classname="tests.test_code_red_v6.TestReportingAPIs" name="test_reports_pipeline_status_distribution_has_all_statuses" time="0.040" /><testcase classname="tests.test_code_red_v6.TestModularBackendStructure" name="test_strategic_initiatives_endpoint" time="0.300" /><testcase classname="tests.test_code_red_v6.TestModularBackendStructure" name="test_projects_endpoint" time="0.039" /><testcase classname="tests.test_code_red_v6.TestModularBackendStructure" name="test_business_outcomes_categories_endpoint" time="0.043" /><testcase classname="tests.test_code_red_v6.TestModularBackendStructure" name="test_kpis_endpoint" time="0.036" /></testsuite></testsuites>