<?xml version="1.0" encoding="utf-8"?><testsuites name="pytest tests"><testsuite name="pytest" errors="0" failures="0" skipped="0" tests="29" time="2.942" timestamp="2026-02-10T18:32:54.927342+00:00" hostname="agent-env-2dfaaaf3-2c53-4768-8fb1-3e7495a8caca"><testcase classname="backend.tests.test_code_red_v4.TestAuth" name="test_login_success" time="0.304" /><testcase classname="backend.tests.test_code_red_v4.TestAuth" name="test_login_invalid_credentials" time="0.044" /><testcase classname="backend.tests.test_code_red_v4.TestSeedData" name="test_seed_data" time="0.358" /><testcase classname="backend.tests.test_code_red_v4.TestDashboardStats" name="test_dashboard_stats_no_risk" time="0.080" /><testcase classname="backend.tests.test_code_red_v4.TestPipeline" name="test_pipeline_returns_4_columns" time="0.043" /><testcase classname="backend.tests.test_code_red_v4.TestPipeline" name="test_pipeline_initiatives_have_projects" time="0.041" /><testcase classname="backend.tests.test_code_red_v4.TestPipeline" name="test_pipeline_move_initiative" time="0.168" /><testcase classname="backend.tests.test_code_red_v4.TestBusinessOutcomesHierarchy" name="test_tree_returns_hierarchy" time="0.036" /><testcase classname="backend.tests.test_code_red_v4.TestCategoriesCRUD" name="test_create_category" time="0.114" /><testcase classname="backend.tests.test_code_red_v4.TestCategoriesCRUD" name="test_get_categories" time="0.036" /><testcase classname="backend.tests.test_code_red_v4.TestCategoriesCRUD" name="test_update_category" time="0.127" /><testcase classname="backend.tests.test_code_red_v4.TestCategoriesCRUD" name="test_delete_category" time="0.111" /><testcase classname="backend.tests.test_code_red_v4.TestSubOutcomesCRUD" name="test_create_sub_outcome" time="0.124" /><testcase classname="backend.tests.test_code_red_v4.TestSubOutcomesCRUD" name="test_get_sub_outcomes" time="0.039" /><testcase classname="backend.tests.test_code_red_v4.TestKPIsCRUD" name="test_create_kpi" time="0.155" /><testcase classname="backend.tests.test_code_red_v4.TestKPIsCRUD" name="test_get_kpis" time="0.042" /><testcase classname="backend.tests.test_code_red_v4.TestKPIHistory" name="test_kpi_history_endpoint" time="0.074" /><testcase classname="backend.tests.test_code_red_v4.TestKPIHistory" name="test_kpi_update_creates_history" time="0.157" /><testcase classname="backend.tests.test_code_red_v4.TestStrategicInitiatives" name="test_get_initiatives" time="0.039" /><testcase classname="backend.tests.test_code_red_v4.TestStrategicInitiatives" name="test_create_initiative" time="0.080" /><testcase classname="backend.tests.test_code_red_v4.TestStrategicInitiatives" name="test_initiative_detail_has_projects_count" time="0.082" /><testcase classname="backend.tests.test_code_red_v4.TestProjects" name="test_get_projects" time="0.038" /><testcase classname="backend.tests.test_code_red_v4.TestProjects" name="test_project_has_milestones_and_issues" time="0.036" /><testcase classname="backend.tests.test_code_red_v4.TestProjectMilestones" name="test_add_milestone" time="0.110" /><testcase classname="backend.tests.test_code_red_v4.TestProjectMilestones" name="test_update_milestone" time="0.146" /><testcase classname="backend.tests.test_code_red_v4.TestProjectIssues" name="test_add_issue" time="0.114" /><testcase classname="backend.tests.test_code_red_v4.TestNavigationItems" name="test_config_initiative_statuses" time="0.035" /><testcase classname="backend.tests.test_code_red_v4.TestNavigationItems" name="test_config_project_statuses" time="0.039" /><testcase classname="backend.tests.test_code_red_v4.TestRiskEndpointsRemoved" name="test_no_risk_in_stats" time="0.073" /></testsuite></testsuites>