<?xml version="1.0" encoding="utf-8"?><testsuites name="pytest tests"><testsuite name="pytest" errors="0" failures="0" skipped="0" tests="21" time="14.272" timestamp="2026-02-10T17:52:44.005250+00:00" hostname="agent-env-2dfaaaf3-2c53-4768-8fb1-3e7495a8caca"><testcase classname="backend.tests.test_code_red_initiatives_v2.TestAuthentication" name="test_login_success" time="0.309" /><testcase classname="backend.tests.test_code_red_initiatives_v2.TestAuthentication" name="test_login_invalid_credentials" time="0.043" /><testcase classname="backend.tests.test_code_red_initiatives_v2.TestMetricCategories" name="test_metric_categories_returns_only_eto_and_quality" time="0.306" /><testcase classname="backend.tests.test_code_red_initiatives_v2.TestEnterpriseMetrics" name="test_get_all_metrics" time="0.310" /><testcase classname="backend.tests.test_code_red_initiatives_v2.TestEnterpriseMetrics" name="test_metrics_have_eto_and_quality_categories_only" time="0.317" /><testcase classname="backend.tests.test_code_red_initiatives_v2.TestKPITree" name="test_kpi_tree_structure" time="0.299" /><testcase classname="backend.tests.test_code_red_initiatives_v2.TestKPITree" name="test_kpi_tree_has_eto_and_quality_categories" time="0.303" /><testcase classname="backend.tests.test_code_red_initiatives_v2.TestKPITree" name="test_kpi_tree_category_structure" time="0.298" /><testcase classname="backend.tests.test_code_red_initiatives_v2.TestKPITree" name="test_kpi_tree_outcome_structure" time="0.301" /><testcase classname="backend.tests.test_code_red_initiatives_v2.TestKPITree" name="test_kpi_tree_initiative_fields" time="0.298" /><testcase classname="backend.tests.test_code_red_initiatives_v2.TestDashboardStats" name="test_dashboard_stats" time="0.299" /><testcase classname="backend.tests.test_code_red_initiatives_v2.TestInitiativesByStatus" name="test_initiatives_by_status_endpoint" time="0.297" /><testcase classname="backend.tests.test_code_red_initiatives_v2.TestInitiativesByStatus" name="test_initiatives_by_status_initiative_fields" time="0.299" /><testcase classname="backend.tests.test_code_red_initiatives_v2.TestConfigEndpoints" name="test_statuses" time="0.295" /><testcase classname="backend.tests.test_code_red_initiatives_v2.TestConfigEndpoints" name="test_buckets" time="0.298" /><testcase classname="backend.tests.test_code_red_initiatives_v2.TestConfigEndpoints" name="test_domains" time="0.343" /><testcase classname="backend.tests.test_code_red_initiatives_v2.TestSeedData" name="test_seed_data_creates_correct_metrics" time="8.274" /><testcase classname="backend.tests.test_code_red_initiatives_v2.TestSeedData" name="test_seed_data_creates_correct_initiatives" time="0.303" /><testcase classname="backend.tests.test_code_red_initiatives_v2.TestInitiativesCRUD" name="test_get_all_initiatives" time="0.302" /><testcase classname="backend.tests.test_code_red_initiatives_v2.TestInitiativesCRUD" name="test_get_single_initiative" time="0.335" /><testcase classname="backend.tests.test_code_red_initiatives_v2.TestMilestones" name="test_get_all_milestones" time="0.299" /></testsuite></testsuites>