<?xml version="1.0" encoding="utf-8"?><testsuites name="pytest tests"><testsuite name="pytest" errors="0" failures="0" skipped="0" tests="16" time="1.715" timestamp="2026-02-10T18:53:50.329746+00:00" hostname="agent-env-2dfaaaf3-2c53-4768-8fb1-3e7495a8caca"><testcase classname="backend.tests.test_code_red_v5.TestAuth" name="test_login_success" time="0.322" /><testcase classname="backend.tests.test_code_red_v5.TestSeedData" name="test_seed_data" time="0.319" /><testcase classname="backend.tests.test_code_red_v5.TestDashboardStats" name="test_dashboard_stats_returns_all_fields" time="0.037" /><testcase classname="backend.tests.test_code_red_v5.TestPipeline" name="test_pipeline_returns_4_status_columns" time="0.040" /><testcase classname="backend.tests.test_code_red_v5.TestPipeline" name="test_pipeline_initiatives_have_projects" time="0.040" /><testcase classname="backend.tests.test_code_red_v5.TestProjectCRUD" name="test_get_projects" time="0.040" /><testcase classname="backend.tests.test_code_red_v5.TestProjectCRUD" name="test_create_project_with_business_outcome_ids" time="0.116" /><testcase classname="backend.tests.test_code_red_v5.TestProjectCRUD" name="test_update_project_business_outcome_ids" time="0.208" /><testcase classname="backend.tests.test_code_red_v5.TestProjectCRUD" name="test_delete_project" time="0.154" /><testcase classname="backend.tests.test_code_red_v5.TestBusinessOutcomes" name="test_get_categories" time="0.040" /><testcase classname="backend.tests.test_code_red_v5.TestBusinessOutcomes" name="test_get_tree_structure" time="0.038" /><testcase classname="backend.tests.test_code_red_v5.TestKPIHistory" name="test_get_kpi_history" time="0.076" /><testcase classname="backend.tests.test_code_red_v5.TestKPIHistory" name="test_kpi_has_baseline_current_target" time="0.039" /><testcase classname="backend.tests.test_code_red_v5.TestConfigEndpoints" name="test_initiative_statuses" time="0.035" /><testcase classname="backend.tests.test_code_red_v5.TestConfigEndpoints" name="test_project_statuses" time="0.037" /><testcase classname="backend.tests.test_code_red_v5.TestCleanup" name="test_cleanup_test_projects" time="0.079" /></testsuite></testsuites>