<?xml version="1.0" encoding="utf-8"?><testsuites name="pytest tests"><testsuite name="pytest" errors="0" failures="0" skipped="0" tests="21" time="2.608" timestamp="2026-02-10T22:08:33.986670+00:00" hostname="agent-env-1c6e5bd6-e68b-4958-acce-0f75f3ffd7cb"><testcase classname="backend.tests.test_detail_pages_v9.TestAPIHealth" name="test_api_root" time="0.132" /><testcase classname="backend.tests.test_detail_pages_v9.TestStrategicInitiativeDetailAPI" name="test_get_initiative_with_all_fields" time="0.088" /><testcase classname="backend.tests.test_detail_pages_v9.TestStrategicInitiativeDetailAPI" name="test_update_initiative_basic_fields" time="0.083" /><testcase classname="backend.tests.test_detail_pages_v9.TestStrategicInitiativeDetailAPI" name="test_update_initiative_business_unit" time="0.119" /><testcase classname="backend.tests.test_detail_pages_v9.TestStrategicInitiativeDetailAPI" name="test_update_initiative_delivery_stages" time="0.114" /><testcase classname="backend.tests.test_detail_pages_v9.TestStrategicInitiativeDetailAPI" name="test_update_initiative_team_members" time="0.117" /><testcase classname="backend.tests.test_detail_pages_v9.TestStrategicInitiativeDetailAPI" name="test_delete_team_member_from_initiative" time="0.150" /><testcase classname="backend.tests.test_detail_pages_v9.TestStrategicInitiativeDetailAPI" name="test_status_history_tracking" time="0.151" /><testcase classname="backend.tests.test_detail_pages_v9.TestProjectDetailAPI" name="test_get_project_with_all_fields" time="0.073" /><testcase classname="backend.tests.test_detail_pages_v9.TestProjectDetailAPI" name="test_update_project_basic_fields" time="0.077" /><testcase classname="backend.tests.test_detail_pages_v9.TestProjectDetailAPI" name="test_update_project_business_unit" time="0.114" /><testcase classname="backend.tests.test_detail_pages_v9.TestProjectDetailAPI" name="test_update_project_delivery_stages" time="0.111" /><testcase classname="backend.tests.test_detail_pages_v9.TestProjectDetailAPI" name="test_update_project_team_members" time="0.107" /><testcase classname="backend.tests.test_detail_pages_v9.TestProjectDetailAPI" name="test_delete_team_member_from_project" time="0.148" /><testcase classname="backend.tests.test_detail_pages_v9.TestProjectDetailAPI" name="test_project_status_history_tracking" time="0.149" /><testcase classname="backend.tests.test_detail_pages_v9.TestProjectMilestones" name="test_add_milestone" time="0.075" /><testcase classname="backend.tests.test_detail_pages_v9.TestProjectMilestones" name="test_edit_milestone" time="0.106" /><testcase classname="backend.tests.test_detail_pages_v9.TestProjectMilestones" name="test_delete_milestone" time="0.181" /><testcase classname="backend.tests.test_detail_pages_v9.TestProjectIssues" name="test_add_issue" time="0.084" /><testcase classname="backend.tests.test_detail_pages_v9.TestProjectIssues" name="test_edit_issue" time="0.102" /><testcase classname="backend.tests.test_detail_pages_v9.TestProjectIssues" name="test_delete_issue" time="0.186" /></testsuite></testsuites>